2024-09-17T09:24:53.855+10:00  INFO 16180 --- [main] c.cl.centralapi.CentralApiApplication    : Starting CentralApiApplication using Java 18.0.2 with PID 16180 (C:\Users\SLHan\OneDrive\Desktop\Capstone\Central API\CentralAPI\target\classes started by SLHan in C:\Users\SLHan\OneDrive\Desktop\Capstone\Central API\CentralAPI)
2024-09-17T09:24:53.878+10:00 DEBUG 16180 --- [main] c.cl.centralapi.CentralApiApplication    : Running with Spring Boot v3.3.2, Spring v6.1.11
2024-09-17T09:24:53.882+10:00  INFO 16180 --- [main] c.cl.centralapi.CentralApiApplication    : No active profile set, falling back to 1 default profile: "default"
2024-09-17T09:24:57.495+10:00  INFO 16180 --- [main] .s.d.r.c.RepositoryConfigurationDelegate : Bootstrapping Spring Data JPA repositories in DEFAULT mode.
2024-09-17T09:24:57.729+10:00  INFO 16180 --- [main] .s.d.r.c.RepositoryConfigurationDelegate : Finished Spring Data repository scanning in 215 ms. Found 3 JPA repository interfaces.
2024-09-17T09:25:00.654+10:00  INFO 16180 --- [main] o.s.b.w.embedded.tomcat.TomcatWebServer  : Tomcat initialized with port 8080 (http)
2024-09-17T09:25:01.105+10:00  INFO 16180 --- [main] w.s.c.ServletWebServerApplicationContext : Root WebApplicationContext: initialization completed in 6860 ms
2024-09-17T09:25:01.694+10:00  INFO 16180 --- [main] o.hibernate.jpa.internal.util.LogHelper  : HHH000204: Processing PersistenceUnitInfo [name: default]
2024-09-17T09:25:02.170+10:00  INFO 16180 --- [main] org.hibernate.Version                    : HHH000412: Hibernate ORM core version 6.5.2.Final
2024-09-17T09:25:02.328+10:00  INFO 16180 --- [main] o.h.c.internal.RegionFactoryInitiator    : HHH000026: Second-level cache disabled
2024-09-17T09:25:03.615+10:00  INFO 16180 --- [main] o.s.o.j.p.SpringPersistenceUnitInfo      : No LoadTimeWeaver setup: ignoring JPA class transformer
2024-09-17T09:25:03.744+10:00  INFO 16180 --- [main] com.zaxxer.hikari.HikariDataSource       : HikariPool-1 - Starting...
2024-09-17T09:25:04.307+10:00  INFO 16180 --- [main] com.zaxxer.hikari.pool.HikariPool        : HikariPool-1 - Added connection com.mysql.cj.jdbc.ConnectionImpl@4bbf20d1
2024-09-17T09:25:04.313+10:00  INFO 16180 --- [main] com.zaxxer.hikari.HikariDataSource       : HikariPool-1 - Start completed.
2024-09-17T09:25:04.485+10:00  WARN 16180 --- [main] org.hibernate.orm.deprecation            : HHH90000025: MySQLDialect does not need to be specified explicitly using 'hibernate.dialect' (remove the property setting and it will be selected by default)
2024-09-17T09:25:08.204+10:00  INFO 16180 --- [main] o.h.e.t.j.p.i.JtaPlatformInitiator       : HHH000489: No JTA platform available (set 'hibernate.transaction.jta.platform' to enable JTA platform integration)
2024-09-17T09:25:08.454+10:00  INFO 16180 --- [main] j.LocalContainerEntityManagerFactoryBean : Initialized JPA EntityManagerFactory for persistence unit 'default'
2024-09-17T09:25:09.566+10:00 DEBUG 16180 --- [main] c.c.c.security.JwtRequestFilter          : Filter 'jwtRequestFilter' configured for use
2024-09-17T09:25:09.890+10:00  WARN 16180 --- [main] JpaBaseConfiguration$JpaWebConfiguration : spring.jpa.open-in-view is enabled by default. Therefore, database queries may be performed during view rendering. Explicitly configure spring.jpa.open-in-view to disable this warning
2024-09-17T09:25:09.982+10:00  INFO 16180 --- [main] r$InitializeUserDetailsManagerConfigurer : Global AuthenticationManager configured with UserDetailsService bean with name customUserDetailsService
2024-09-17T09:25:13.383+10:00 DEBUG 16180 --- [main] o.s.s.web.DefaultSecurityFilterChain     : Will secure any request with filters: DisableEncodeUrlFilter, WebAsyncManagerIntegrationFilter, SecurityContextHolderFilter, HeaderWriterFilter, CorsFilter, LogoutFilter, JwtRequestFilter, RequestCacheAwareFilter, SecurityContextHolderAwareRequestFilter, AnonymousAuthenticationFilter, SessionManagementFilter, ExceptionTranslationFilter, AuthorizationFilter
2024-09-17T09:25:14.135+10:00  INFO 16180 --- [main] o.s.b.w.embedded.tomcat.TomcatWebServer  : Tomcat started on port 8080 (http) with context path '/'
2024-09-17T09:25:14.169+10:00  INFO 16180 --- [main] c.cl.centralapi.CentralApiApplication    : Started CentralApiApplication in 22.797 seconds (process running for 47.554)
2024-09-17T09:25:15.638+10:00  INFO 16180 --- [SpringApplicationShutdownHook] j.LocalContainerEntityManagerFactoryBean : Closing JPA EntityManagerFactory for persistence unit 'default'
2024-09-17T09:25:15.645+10:00  INFO 16180 --- [SpringApplicationShutdownHook] com.zaxxer.hikari.HikariDataSource       : HikariPool-1 - Shutdown initiated...
2024-09-17T09:25:15.664+10:00  INFO 16180 --- [SpringApplicationShutdownHook] com.zaxxer.hikari.HikariDataSource       : HikariPool-1 - Shutdown completed.
2024-09-17T09:25:27.776+10:00  INFO 24880 --- [main] c.cl.centralapi.CentralApiApplication    : Starting CentralApiApplication using Java 18.0.2 with PID 24880 (C:\Users\SLHan\OneDrive\Desktop\Capstone\Central API\CentralAPI\target\classes started by SLHan in C:\Users\SLHan\OneDrive\Desktop\Capstone\Central API\CentralAPI)
2024-09-17T09:25:27.784+10:00 DEBUG 24880 --- [main] c.cl.centralapi.CentralApiApplication    : Running with Spring Boot v3.3.2, Spring v6.1.11
2024-09-17T09:25:27.785+10:00  INFO 24880 --- [main] c.cl.centralapi.CentralApiApplication    : No active profile set, falling back to 1 default profile: "default"
2024-09-17T09:25:30.127+10:00  INFO 24880 --- [main] .s.d.r.c.RepositoryConfigurationDelegate : Bootstrapping Spring Data JPA repositories in DEFAULT mode.
2024-09-17T09:25:30.379+10:00  INFO 24880 --- [main] .s.d.r.c.RepositoryConfigurationDelegate : Finished Spring Data repository scanning in 232 ms. Found 3 JPA repository interfaces.
2024-09-17T09:25:32.228+10:00  INFO 24880 --- [main] o.s.b.w.embedded.tomcat.TomcatWebServer  : Tomcat initialized with port 8080 (http)
2024-09-17T09:25:32.267+10:00  INFO 24880 --- [main] o.apache.catalina.core.StandardService   : Starting service [Tomcat]
2024-09-17T09:25:32.268+10:00  INFO 24880 --- [main] o.apache.catalina.core.StandardEngine    : Starting Servlet engine: [Apache Tomcat/10.1.26]
2024-09-17T09:25:32.605+10:00  INFO 24880 --- [main] o.a.c.c.C.[Tomcat].[localhost].[/]       : Initializing Spring embedded WebApplicationContext
2024-09-17T09:25:32.609+10:00  INFO 24880 --- [main] w.s.c.ServletWebServerApplicationContext : Root WebApplicationContext: initialization completed in 4651 ms
2024-09-17T09:25:33.066+10:00  INFO 24880 --- [main] o.hibernate.jpa.internal.util.LogHelper  : HHH000204: Processing PersistenceUnitInfo [name: default]
2024-09-17T09:25:33.238+10:00  INFO 24880 --- [main] org.hibernate.Version                    : HHH000412: Hibernate ORM core version 6.5.2.Final
2024-09-17T09:25:33.364+10:00  INFO 24880 --- [main] o.h.c.internal.RegionFactoryInitiator    : HHH000026: Second-level cache disabled
2024-09-17T09:25:34.337+10:00  INFO 24880 --- [main] o.s.o.j.p.SpringPersistenceUnitInfo      : No LoadTimeWeaver setup: ignoring JPA class transformer
2024-09-17T09:25:34.403+10:00  INFO 24880 --- [main] com.zaxxer.hikari.HikariDataSource       : HikariPool-1 - Starting...
2024-09-17T09:25:34.815+10:00  INFO 24880 --- [main] com.zaxxer.hikari.pool.HikariPool        : HikariPool-1 - Added connection com.mysql.cj.jdbc.ConnectionImpl@3d71e10b
2024-09-17T09:25:34.823+10:00  INFO 24880 --- [main] com.zaxxer.hikari.HikariDataSource       : HikariPool-1 - Start completed.
2024-09-17T09:25:34.948+10:00  WARN 24880 --- [main] org.hibernate.orm.deprecation            : HHH90000025: MySQLDialect does not need to be specified explicitly using 'hibernate.dialect' (remove the property setting and it will be selected by default)
2024-09-17T09:25:38.117+10:00  INFO 24880 --- [main] o.h.e.t.j.p.i.JtaPlatformInitiator       : HHH000489: No JTA platform available (set 'hibernate.transaction.jta.platform' to enable JTA platform integration)
2024-09-17T09:25:38.293+10:00  INFO 24880 --- [main] j.LocalContainerEntityManagerFactoryBean : Initialized JPA EntityManagerFactory for persistence unit 'default'
2024-09-17T09:25:39.072+10:00 DEBUG 24880 --- [main] c.c.c.security.JwtRequestFilter          : Filter 'jwtRequestFilter' configured for use
2024-09-17T09:25:39.336+10:00  WARN 24880 --- [main] JpaBaseConfiguration$JpaWebConfiguration : spring.jpa.open-in-view is enabled by default. Therefore, database queries may be performed during view rendering. Explicitly configure spring.jpa.open-in-view to disable this warning
2024-09-17T09:25:39.411+10:00  INFO 24880 --- [main] r$InitializeUserDetailsManagerConfigurer : Global AuthenticationManager configured with UserDetailsService bean with name customUserDetailsService
2024-09-17T09:25:41.976+10:00 DEBUG 24880 --- [main] o.s.s.web.DefaultSecurityFilterChain     : Will secure any request with filters: DisableEncodeUrlFilter, WebAsyncManagerIntegrationFilter, SecurityContextHolderFilter, HeaderWriterFilter, CorsFilter, LogoutFilter, JwtRequestFilter, RequestCacheAwareFilter, SecurityContextHolderAwareRequestFilter, AnonymousAuthenticationFilter, SessionManagementFilter, ExceptionTranslationFilter, AuthorizationFilter
2024-09-17T09:25:42.645+10:00  INFO 24880 --- [main] o.s.b.w.embedded.tomcat.TomcatWebServer  : Tomcat started on port 8080 (http) with context path '/'
2024-09-17T09:25:42.668+10:00  INFO 24880 --- [main] c.cl.centralapi.CentralApiApplication    : Started CentralApiApplication in 16.072 seconds (process running for 18.294)
2024-09-17T09:34:34.185+10:00  INFO 24880 --- [SpringApplicationShutdownHook] j.LocalContainerEntityManagerFactoryBean : Closing JPA EntityManagerFactory for persistence unit 'default'
2024-09-17T09:34:34.214+10:00  INFO 24880 --- [SpringApplicationShutdownHook] com.zaxxer.hikari.HikariDataSource       : HikariPool-1 - Shutdown initiated...
2024-09-17T09:34:34.241+10:00  INFO 24880 --- [SpringApplicationShutdownHook] com.zaxxer.hikari.HikariDataSource       : HikariPool-1 - Shutdown completed.
2024-09-17T10:29:08.797+10:00  INFO 25020 --- [main] c.cl.centralapi.CentralApiApplication    : Starting CentralApiApplication using Java 18.0.2 with PID 25020 (C:\Users\SLHan\OneDrive\Desktop\Capstone\Central API\CentralAPI\target\classes started by SLHan in C:\Users\SLHan\OneDrive\Desktop\Capstone\Central API\CentralAPI)
2024-09-17T10:29:08.799+10:00 DEBUG 25020 --- [main] c.cl.centralapi.CentralApiApplication    : Running with Spring Boot v3.3.2, Spring v6.1.11
2024-09-17T10:29:08.801+10:00  INFO 25020 --- [main] c.cl.centralapi.CentralApiApplication    : No active profile set, falling back to 1 default profile: "default"
2024-09-17T10:29:09.972+10:00  INFO 25020 --- [main] .s.d.r.c.RepositoryConfigurationDelegate : Bootstrapping Spring Data JPA repositories in DEFAULT mode.
2024-09-17T10:29:10.058+10:00  INFO 25020 --- [main] .s.d.r.c.RepositoryConfigurationDelegate : Finished Spring Data repository scanning in 76 ms. Found 3 JPA repository interfaces.
2024-09-17T10:29:10.933+10:00  INFO 25020 --- [main] o.s.b.w.embedded.tomcat.TomcatWebServer  : Tomcat initialized with port 8080 (http)
2024-09-17T10:29:10.946+10:00  INFO 25020 --- [main] o.apache.catalina.core.StandardService   : Starting service [Tomcat]
2024-09-17T10:29:10.946+10:00  INFO 25020 --- [main] o.apache.catalina.core.StandardEngine    : Starting Servlet engine: [Apache Tomcat/10.1.26]
2024-09-17T10:29:11.031+10:00  INFO 25020 --- [main] o.a.c.c.C.[Tomcat].[localhost].[/]       : Initializing Spring embedded WebApplicationContext
2024-09-17T10:29:11.032+10:00  INFO 25020 --- [main] w.s.c.ServletWebServerApplicationContext : Root WebApplicationContext: initialization completed in 2173 ms
2024-09-17T10:29:11.274+10:00  INFO 25020 --- [main] o.hibernate.jpa.internal.util.LogHelper  : HHH000204: Processing PersistenceUnitInfo [name: default]
2024-09-17T10:29:11.376+10:00  INFO 25020 --- [main] org.hibernate.Version                    : HHH000412: Hibernate ORM core version 6.5.2.Final
2024-09-17T10:29:11.431+10:00  INFO 25020 --- [main] o.h.c.internal.RegionFactoryInitiator    : HHH000026: Second-level cache disabled
2024-09-17T10:29:11.787+10:00  INFO 25020 --- [main] o.s.o.j.p.SpringPersistenceUnitInfo      : No LoadTimeWeaver setup: ignoring JPA class transformer
2024-09-17T10:29:11.822+10:00  INFO 25020 --- [main] com.zaxxer.hikari.HikariDataSource       : HikariPool-1 - Starting...
2024-09-17T10:29:11.991+10:00  INFO 25020 --- [main] com.zaxxer.hikari.pool.HikariPool        : HikariPool-1 - Added connection com.mysql.cj.jdbc.ConnectionImpl@4fa8bebb
2024-09-17T10:29:11.992+10:00  INFO 25020 --- [main] com.zaxxer.hikari.HikariDataSource       : HikariPool-1 - Start completed.
2024-09-17T10:29:12.048+10:00  WARN 25020 --- [main] org.hibernate.orm.deprecation            : HHH90000025: MySQLDialect does not need to be specified explicitly using 'hibernate.dialect' (remove the property setting and it will be selected by default)
2024-09-17T10:29:13.153+10:00  INFO 25020 --- [main] o.h.e.t.j.p.i.JtaPlatformInitiator       : HHH000489: No JTA platform available (set 'hibernate.transaction.jta.platform' to enable JTA platform integration)
2024-09-17T10:29:13.233+10:00  INFO 25020 --- [main] j.LocalContainerEntityManagerFactoryBean : Initialized JPA EntityManagerFactory for persistence unit 'default'
2024-09-17T10:29:13.644+10:00 DEBUG 25020 --- [main] c.c.c.security.JwtRequestFilter          : Filter 'jwtRequestFilter' configured for use
2024-09-17T10:29:13.788+10:00  WARN 25020 --- [main] JpaBaseConfiguration$JpaWebConfiguration : spring.jpa.open-in-view is enabled by default. Therefore, database queries may be performed during view rendering. Explicitly configure spring.jpa.open-in-view to disable this warning
2024-09-17T10:29:13.828+10:00  INFO 25020 --- [main] r$InitializeUserDetailsManagerConfigurer : Global AuthenticationManager configured with UserDetailsService bean with name customUserDetailsService
2024-09-17T10:29:14.838+10:00 DEBUG 25020 --- [main] o.s.s.web.DefaultSecurityFilterChain     : Will secure any request with filters: DisableEncodeUrlFilter, WebAsyncManagerIntegrationFilter, SecurityContextHolderFilter, HeaderWriterFilter, CorsFilter, LogoutFilter, JwtRequestFilter, RequestCacheAwareFilter, SecurityContextHolderAwareRequestFilter, AnonymousAuthenticationFilter, SessionManagementFilter, ExceptionTranslationFilter, AuthorizationFilter
2024-09-17T10:29:15.193+10:00  INFO 25020 --- [main] o.s.b.w.embedded.tomcat.TomcatWebServer  : Tomcat started on port 8080 (http) with context path '/'
2024-09-17T10:29:15.204+10:00  INFO 25020 --- [main] c.cl.centralapi.CentralApiApplication    : Started CentralApiApplication in 6.976 seconds (process running for 7.734)
2024-09-17T10:29:31.834+10:00  INFO 25020 --- [http-nio-8080-exec-2] o.a.c.c.C.[Tomcat].[localhost].[/]       : Initializing Spring DispatcherServlet 'dispatcherServlet'
2024-09-17T10:29:31.834+10:00  INFO 25020 --- [http-nio-8080-exec-2] o.s.web.servlet.DispatcherServlet        : Initializing Servlet 'dispatcherServlet'
2024-09-17T10:29:31.835+10:00  INFO 25020 --- [http-nio-8080-exec-2] o.s.web.servlet.DispatcherServlet        : Completed initialization in 1 ms
2024-09-17T10:29:31.856+10:00 DEBUG 25020 --- [http-nio-8080-exec-2] o.s.security.web.FilterChainProxy        : Securing POST /api/auth/login
2024-09-17T10:29:31.867+10:00 DEBUG 25020 --- [http-nio-8080-exec-2] o.s.s.w.a.AnonymousAuthenticationFilter  : Set SecurityContextHolder to anonymous SecurityContext
2024-09-17T10:29:31.868+10:00 DEBUG 25020 --- [http-nio-8080-exec-2] o.s.security.web.FilterChainProxy        : Secured POST /api/auth/login
2024-09-17T10:29:31.989+10:00  INFO 25020 --- [http-nio-8080-exec-2] c.c.c.controller.AuthController          : Attempting to authenticate user: simon.hanmer@example.com
2024-09-17T10:29:32.285+10:00 DEBUG 25020 --- [http-nio-8080-exec-2] o.s.s.a.dao.DaoAuthenticationProvider    : Authenticated user
2024-09-17T10:29:32.286+10:00  INFO 25020 --- [http-nio-8080-exec-2] c.c.c.controller.AuthController          : Authentication successful for user: simon.hanmer@example.com
2024-09-17T10:29:32.332+10:00  INFO 25020 --- [http-nio-8080-exec-2] c.c.c.controller.AuthController          : Generated JWT token for user: simon.hanmer@example.com
2024-09-17T10:31:58.194+10:00 DEBUG 25020 --- [http-nio-8080-exec-5] o.s.security.web.FilterChainProxy        : Securing POST /api/images/upload
2024-09-17T10:31:58.244+10:00 DEBUG 25020 --- [http-nio-8080-exec-5] o.s.security.web.FilterChainProxy        : Secured POST /api/images/upload
2024-09-17T10:33:16.702+10:00  INFO 25020 --- [SpringApplicationShutdownHook] j.LocalContainerEntityManagerFactoryBean : Closing JPA EntityManagerFactory for persistence unit 'default'
2024-09-17T10:33:16.704+10:00  INFO 25020 --- [SpringApplicationShutdownHook] com.zaxxer.hikari.HikariDataSource       : HikariPool-1 - Shutdown initiated...
2024-09-17T10:33:16.712+10:00  INFO 25020 --- [SpringApplicationShutdownHook] com.zaxxer.hikari.HikariDataSource       : HikariPool-1 - Shutdown completed.
